Performing C++ SOURCE FILE Test has_std_20_flag failed with the following output:
Change Dir: /home/timo/dev/ArkoiSystems/ArkoiL/compiler/c++/cmake-build-debug/CMakeFiles/CMakeTmp

Run Build Command(s):/usr/bin/make cmTC_ad9ab/fast && /usr/bin/make  -f CMakeFiles/cmTC_ad9ab.dir/build.make CMakeFiles/cmTC_ad9ab.dir/build
make[1]: Entering directory '/home/timo/dev/ArkoiSystems/ArkoiL/compiler/c++/cmake-build-debug/CMakeFiles/CMakeTmp'
Building CXX object CMakeFiles/cmTC_ad9ab.dir/src.cxx.o
/usr/bin/c++    -Dhas_std_20_flag   -std=c++20 -std=gnu++1z -o CMakeFiles/cmTC_ad9ab.dir/src.cxx.o -c /home/timo/dev/ArkoiSystems/ArkoiL/compiler/c++/cmake-build-debug/CMakeFiles/CMakeTmp/src.cxx
c++: error: unrecognized command line option '-std=c++20'; did you mean '-std=c++03'?
CMakeFiles/cmTC_ad9ab.dir/build.make:85: recipe for target 'CMakeFiles/cmTC_ad9ab.dir/src.cxx.o' failed
make[1]: *** [CMakeFiles/cmTC_ad9ab.dir/src.cxx.o] Error 1
make[1]: Leaving directory '/home/timo/dev/ArkoiSystems/ArkoiL/compiler/c++/cmake-build-debug/CMakeFiles/CMakeTmp'
Makefile:141: recipe for target 'cmTC_ad9ab/fast' failed
make: *** [cmTC_ad9ab/fast] Error 2


Source file was:
int main() { return 0; }
Performing C++ SOURCE FILE Test has_std_2a_flag failed with the following output:
Change Dir: /home/timo/dev/ArkoiSystems/ArkoiL/compiler/c++/cmake-build-debug/CMakeFiles/CMakeTmp

Run Build Command(s):/usr/bin/make cmTC_97258/fast && /usr/bin/make  -f CMakeFiles/cmTC_97258.dir/build.make CMakeFiles/cmTC_97258.dir/build
make[1]: Entering directory '/home/timo/dev/ArkoiSystems/ArkoiL/compiler/c++/cmake-build-debug/CMakeFiles/CMakeTmp'
Building CXX object CMakeFiles/cmTC_97258.dir/src.cxx.o
/usr/bin/c++    -Dhas_std_2a_flag   -std=c++2a -std=gnu++1z -o CMakeFiles/cmTC_97258.dir/src.cxx.o -c /home/timo/dev/ArkoiSystems/ArkoiL/compiler/c++/cmake-build-debug/CMakeFiles/CMakeTmp/src.cxx
c++: error: unrecognized command line option '-std=c++2a'; did you mean '-std=c++03'?
CMakeFiles/cmTC_97258.dir/build.make:85: recipe for target 'CMakeFiles/cmTC_97258.dir/src.cxx.o' failed
make[1]: *** [CMakeFiles/cmTC_97258.dir/src.cxx.o] Error 1
make[1]: Leaving directory '/home/timo/dev/ArkoiSystems/ArkoiL/compiler/c++/cmake-build-debug/CMakeFiles/CMakeTmp'
Makefile:141: recipe for target 'cmTC_97258/fast' failed
make: *** [cmTC_97258/fast] Error 2


Source file was:
int main() { return 0; }
Determining if the strtod_l exist failed with the following output:
Change Dir: /home/timo/dev/ArkoiSystems/ArkoiL/compiler/c++/cmake-build-debug/CMakeFiles/CMakeTmp

Run Build Command(s):/usr/bin/make cmTC_e4a74/fast && /usr/bin/make  -f CMakeFiles/cmTC_e4a74.dir/build.make CMakeFiles/cmTC_e4a74.dir/build
make[1]: Entering directory '/home/timo/dev/ArkoiSystems/ArkoiL/compiler/c++/cmake-build-debug/CMakeFiles/CMakeTmp'
Building C object CMakeFiles/cmTC_e4a74.dir/CheckSymbolExists.c.o
/usr/bin/cc    -o CMakeFiles/cmTC_e4a74.dir/CheckSymbolExists.c.o   -c /home/timo/dev/ArkoiSystems/ArkoiL/compiler/c++/cmake-build-debug/CMakeFiles/CMakeTmp/CheckSymbolExists.c
/home/timo/dev/ArkoiSystems/ArkoiL/compiler/c++/cmake-build-debug/CMakeFiles/CMakeTmp/CheckSymbolExists.c: In function ‘main’:
/home/timo/dev/ArkoiSystems/ArkoiL/compiler/c++/cmake-build-debug/CMakeFiles/CMakeTmp/CheckSymbolExists.c:8:19: error: ‘strtod_l’ undeclared (first use in this function); did you mean ‘strtoull’?
   return ((int*)(&strtod_l))[argc];
                   ^~~~~~~~
                   strtoull
/home/timo/dev/ArkoiSystems/ArkoiL/compiler/c++/cmake-build-debug/CMakeFiles/CMakeTmp/CheckSymbolExists.c:8:19: note: each undeclared identifier is reported only once for each function it appears in
CMakeFiles/cmTC_e4a74.dir/build.make:85: recipe for target 'CMakeFiles/cmTC_e4a74.dir/CheckSymbolExists.c.o' failed
make[1]: *** [CMakeFiles/cmTC_e4a74.dir/CheckSymbolExists.c.o] Error 1
make[1]: Leaving directory '/home/timo/dev/ArkoiSystems/ArkoiL/compiler/c++/cmake-build-debug/CMakeFiles/CMakeTmp'
Makefile:141: recipe for target 'cmTC_e4a74/fast' failed
make: *** [cmTC_e4a74/fast] Error 2


File /home/timo/dev/ArkoiSystems/ArkoiL/compiler/c++/cmake-build-debug/CMakeFiles/CMakeTmp/CheckSymbolExists.c:
/* */
#include <stdlib.h>

int main(int argc, char** argv)
{
  (void)argv;
#ifndef strtod_l
  return ((int*)(&strtod_l))[argc];
#else
  (void)argc;
  return 0;
#endif
}
